#
# A fatal error has been detected by the Java Runtime Environment:
#
#  EXCEPTION_ACCESS_VIOLATION (0xc0000005) at pc=0x00007ffadcf9809f, pid=30516, tid=16768
#
# JRE version: Java(TM) SE Runtime Environment (9.0+11) (build 9.0.4+11)
# Java VM: Java HotSpot(TM) 64-Bit Server VM (9.0.4+11, mixed mode, tiered, compressed oops, g1 gc, windows-amd64)
# Problematic frame:
# C  [librdi_device.dll+0x5c809f]
#
# No core dump will be written. Minidumps are not enabled by default on client versions of Windows
#
# If you would like to submit a bug report, please visit:
#   http://bugreport.java.com/bugreport/crash.jsp
# The crash happened outside the Java Virtual Machine in native code.
# See problematic frame for where to report the bug.
#

---------------  S U M M A R Y ------------

Command Line: -Dsun.java2d.pmoffscreen=false -Dsun.java2d.xrender=false -Dsun.java2d.d3d=false -Dsun.awt.nopixfmt=true -Dsun.java2d.dpiaware=true -Dsun.java2d.uiScale.enabled=false -Xverify:none -Dswing.aatext=true -XX:-UsePerfData -Djdk.map.althashing.threshold=512 -XX:StringTableSize=4072 --add-opens=java.base/java.nio=ALL-UNNAMED --add-opens=java.desktop/sun.swing=ALL-UNNAMED --add-opens=java.desktop/javax.swing=ALL-UNNAMED --add-opens=java.desktop/javax.swing.tree=ALL-UNNAMED --add-opens=java.desktop/javax.swing.plaf.basic=ALL-UNNAMED --add-opens=java.desktop/javax.swing.plaf.synth=ALL-UNNAMED --add-opens=java.desktop/com.sun.awt=ALL-UNNAMED -XX:NewSize=60m -XX:MaxNewSize=60m -Xms128m -Xmx3072m -Xss5m 

Host: Intel(R) Core(TM) i5-10300H CPU @ 2.50GHz, 8 cores, 7G,  Windows 10 , 64 bit Build 22000 (10.0.22000.708)
Time: Sun Aug 07 21:38:37 2022 Hora estándar, América Central elapsed time: 323 seconds (0d 0h 5m 23s)

---------------  T H R E A D  ---------------

Current thread (0x000002a5fb989000):  JavaThread "AWT-EventQueue-1" [_thread_in_native, id=16768, stack(0x000000a636900000,0x000000a636e00000)]

Stack: [0x000000a636900000,0x000000a636e00000],  sp=0x000000a636dfaf00,  free space=5099k
Native frames: (J=compiled Java code, j=interpreted, Vv=VM code, C=native code)

Java frames: (J=compiled Java code, j=interpreted, Vv=VM code)
j  ui.frmwork.tcltasksi.abortNow()V+0
j  ui.bm.b(Ljava/awt/Component;)Z+69
j  ui.cd.windowClosing(Ljava/awt/event/WindowEvent;)V+79
j  java.awt.AWTEventMulticaster.windowClosing(Ljava/awt/event/WindowEvent;)V+21 java.desktop@9.0.4
j  java.awt.AWTEventMulticaster.windowClosing(Ljava/awt/event/WindowEvent;)V+8 java.desktop@9.0.4
j  java.awt.AWTEventMulticaster.windowClosing(Ljava/awt/event/WindowEvent;)V+8 java.desktop@9.0.4
j  java.awt.Window.processWindowEvent(Ljava/awt/event/WindowEvent;)V+68 java.desktop@9.0.4
j  javax.swing.JFrame.processWindowEvent(Ljava/awt/event/WindowEvent;)V+2 java.desktop@9.0.4
j  java.awt.Window.processEvent(Ljava/awt/AWTEvent;)V+69 java.desktop@9.0.4
J 12969 c1 java.awt.Component.dispatchEventImpl(Ljava/awt/AWTEvent;)V java.desktop@9.0.4 (739 bytes) @ 0x000002a5e672a2cc [0x000002a5e6726660+0x0000000000003c6c]
J 13356 c2 java.awt.Container.dispatchEventImpl(Ljava/awt/AWTEvent;)V java.desktop@9.0.4 (129 bytes) @ 0x000002a5ecae0d8c [0x000002a5ecae0d00+0x000000000000008c]
J 9559 c1 java.awt.Window.dispatchEventImpl(Ljava/awt/AWTEvent;)V java.desktop@9.0.4 (23 bytes) @ 0x000002a5e4aba4f4 [0x000002a5e4ab9f20+0x00000000000005d4]
J 13343 c2 java.awt.EventQueue$3.run()Ljava/lang/Object; java.desktop@9.0.4 (5 bytes) @ 0x000002a5ecadce7c [0x000002a5ecadc880+0x00000000000005fc]
v  ~StubRoutines::call_stub
J 3849  java.security.AccessController.doPrivileged(Ljava/security/PrivilegedAction;Ljava/security/AccessControlContext;)Ljava/lang/Object; java.base@9.0.4 (0 bytes) @ 0x000002a5ec163bc6 [0x000002a5ec163b60+0x0000000000000066]
J 9539 c1 java.awt.EventQueue$4.run()Ljava/lang/Object; java.desktop@9.0.4 (5 bytes) @ 0x000002a5e4ab7154 [0x000002a5e4ab6d60+0x00000000000003f4]
v  ~StubRoutines::call_stub
J 3849  java.security.AccessController.doPrivileged(Ljava/security/PrivilegedAction;Ljava/security/AccessControlContext;)Ljava/lang/Object; java.base@9.0.4 (0 bytes) @ 0x000002a5ec163bc6 [0x000002a5ec163b60+0x0000000000000066]
J 13334 c2 ui.frmwork.b.d.dispatchEvent(Ljava/awt/AWTEvent;)V (34 bytes) @ 0x000002a5ecad0c4c [0x000002a5ecad0800+0x000000000000044c]
J 14787 c1 java.awt.EventDispatchThread.pumpOneEventForFilters(I)V java.desktop@9.0.4 (218 bytes) @ 0x000002a5e6a36494 [0x000002a5e6a350c0+0x00000000000013d4]
j  java.awt.EventDispatchThread.pumpEventsForFilter(ILjava/awt/Conditional;Ljava/awt/EventFilter;)V+35 java.desktop@9.0.4
j  java.awt.EventDispatchThread.pumpEventsForHierarchy(ILjava/awt/Conditional;Ljava/awt/Component;)V+11 java.desktop@9.0.4
j  java.awt.EventDispatchThread.pumpEvents(ILjava/awt/Conditional;)V+4 java.desktop@9.0.4
j  java.awt.EventDispatchThread.pumpEvents(Ljava/awt/Conditional;)V+3 java.desktop@9.0.4
j  java.awt.EventDispatchThread.run()V+9 java.desktop@9.0.4
v  ~StubRoutines::call_stub

siginfo: EXCEPTION_ACCESS_VIOLATION (0xc0000005), reading address 0x0000000000000000


Register to memory mapping:

RIP=0x00007ffadcf9809f librdi_device.dll
RAX=0x00007ffaee42d9b0 librdi_device.dll
RBX=0x000002a5d5cf2500 is an unknown value
RCX=0x0000000000000000 is an unknown value
RDX=0x00007ffaee42d9b0 librdi_device.dll
RSP=0x000000a636dfaf00 is pointing into the stack for thread: 0x000002a5fb989000
RBP=0x0000000000000000 is an unknown value
RSI=0x000002a5d5cdbd40 is an unknown value
RDI=0x0000000000000000 is an unknown value
R8 =0x0000000000000000 is an unknown value
R9 =0x0000000000000018 is an unknown value
R10=0x85f13e9656da4870 is an unknown value
R11=0x000000a636dfb150 is pointing into the stack for thread: 0x000002a5fb989000
R12=0x00007ffae6f1bc00 librdi_device.dll
R13={method} {0x000002a5fc45ba40} 'abortNow' '()V' in 'ui/frmwork/tcltasksi'
R14=0x000000a636dfb2c8 is pointing into the stack for thread: 0x000002a5fb989000
R15=0x000002a5febf1240 is an unknown value


Registers:
RAX=0x00007ffaee42d9b0, RBX=0x000002a5d5cf2500, RCX=0x0000000000000000, RDX=0x00007ffaee42d9b0
RSP=0x000000a636dfaf00, RBP=0x0000000000000000, RSI=0x000002a5d5cdbd40, RDI=0x0000000000000000
R8 =0x0000000000000000, R9 =0x0000000000000018, R10=0x85f13e9656da4870, R11=0x000000a636dfb150
R12=0x00007ffae6f1bc00, R13=0x000002a5fc45ba38, R14=0x000000a636dfb2c8, R15=0x000002a5febf1240
RIP=0x00007ffadcf9809f, EFLAGS=0x0000000000010246

Top of Stack: (sp=0x000000a636dfaf00)
0x000000a636dfaf00:   0000000000000001 000000007ffe0380
0x000000a636dfaf10:   0000000000000000 000002a5da272010
0x000000a636dfaf20:   fffffffffffffffe 00007ffbd8ca662a
0x000000a636dfaf30:   000000a636dfb2c8 000002a5d5cf2500
0x000000a636dfaf40:   000002a5d5cdbd40 00007ffadcf749b2
0x000000a636dfaf50:   000002a5d5cf2500 0000000000008000
0x000000a636dfaf60:   0000000000000000 00000000000f0000
0x000000a636dfaf70:   fffffffffffffffe 00007ffbd8ca79e1
0x000000a636dfaf80:   000000a636dfb2c8 00007ffadcf74f79
0x000000a636dfaf90:   000002a5d5cdbd40 00007ffadcf9a582
0x000000a636dfafa0:   000002a5d574f4e0 000002a5ce6b0000
0x000000a636dfafb0:   fffffffffffffffe 00007ffbd8cecfeb
0x000000a636dfafc0:   000002a5d5cdbd40 000002a5d5cdbd40
0x000000a636dfafd0:   000002a5d5cf2500 00007ffadcf9a7be
0x000000a636dfafe0:   000002a5d5a5acb0 00007ffbd8ca79e1
0x000000a636dfaff0:   0000000000000000 00007ffbd8cece23 

Instructions: (pc=0x00007ffadcf9809f)
0x00007ffadcf9807f:   e8 ec fa ff ff 48 8b d0 48 8b cb 48 c1 e9 03 48
0x00007ffadcf9808f:   03 cb 48 23 48 30 4c 8b 40 18 48 8b f9 48 03 ff
0x00007ffadcf9809f:   49 8b 3c f8 48 03 c9 4c 8d 0c cd 08 00 00 00 4d
0x00007ffadcf980af:   8b 14 c8 4c 3b 52 08 75 06 48 8b 42 08 eb 07 4b 



---------------  P R O C E S S  ---------------

Java Threads: ( => current thread )
  0x000002a5ff386000 JavaThread "Image Animator 0" daemon [_thread_blocked, id=30172, stack(0x000000a639e00000,0x000000a63a300000)]
  0x000002a5ff387800 JavaThread "Tcl Command Line: git commit" [_thread_in_native, id=33476, stack(0x000000a639900000,0x000000a639e00000)]
  0x000002a5ff389000 JavaThread "SyntheticaAnimation 50" daemon [_thread_blocked, id=7436, stack(0x000000a635a00000,0x000000a635f00000)]
  0x000002a5ff385800 JavaThread "Update Runs Swing Worker" [_thread_blocked, id=31920, stack(0x000000a63a300000,0x000000a63a800000)]
  0x000002a5ff382800 JavaThread "hw_ila_monitor" [_thread_blocked, id=33572, stack(0x000000a639400000,0x000000a639900000)]
  0x000002a5ff388800 JavaThread "Refresh Filesets Swing Worker" [_thread_blocked, id=29824, stack(0x000000a638f00000,0x000000a639400000)]
  0x000002a5dd3b1800 JavaThread "SyntheticaAnimation 70" daemon [_thread_blocked, id=28204, stack(0x000000a638a00000,0x000000a638f00000)]
  0x000002a5dd3ad000 JavaThread "SyntheticaAnimation 25" daemon [_thread_blocked, id=26188, stack(0x000000a638500000,0x000000a638a00000)]
  0x000002a5dd3ac000 JavaThread "SyntheticaAnimation 50" daemon [_thread_blocked, id=27704, stack(0x000000a638000000,0x000000a638500000)]
  0x000002a5dd3ab800 JavaThread "Monitor HEventQueue" [_thread_blocked, id=16596, stack(0x000000a637b00000,0x000000a638000000)]
  0x000002a5dd3ae800 JavaThread "SyntheticaCleanerThread" daemon [_thread_blocked, id=31672, stack(0x000000a637300000,0x000000a637800000)]
  0x000002a5dd3aa800 JavaThread "Batik CleanerThread" daemon [_thread_blocked, id=12028, stack(0x000000a635f00000,0x000000a636400000)]
=>0x000002a5fb989000 JavaThread "AWT-EventQueue-1" [_thread_in_native, id=16768, stack(0x000000a636900000,0x000000a636e00000)]
  0x000002a5db559000 JavaThread "Process Messages" [_thread_blocked, id=30584, stack(0x000000a636400000,0x000000a636900000)]
  0x000002a5fb9ef000 JavaThread "Thread-1" [_thread_in_native, id=12116, stack(0x000000a62f200000,0x000000a630600000)]
  0x000002a5db4c7000 JavaThread "TimerQueue" daemon [_thread_blocked, id=18132, stack(0x000000a635500000,0x000000a635a00000)]
  0x000002a5dacd8800 JavaThread "AWT-Windows" daemon [_thread_in_native, id=28680, stack(0x000000a635000000,0x000000a635500000)]
  0x000002a5db053000 JavaThread "AWT-Shutdown" [_thread_blocked, id=28832, stack(0x000000a634b00000,0x000000a635000000)]
  0x000002a5dafbf800 JavaThread "Java2D Disposer" daemon [_thread_blocked, id=17388, stack(0x000000a634600000,0x000000a634b00000)]
  0x000002a5d3538800 JavaThread "Service Thread" daemon [_thread_blocked, id=15708, stack(0x000000a634000000,0x000000a634500000)]
  0x000002a5dd407800 JavaThread "Common-Cleaner" daemon [_thread_blocked, id=6856, stack(0x000000a633b00000,0x000000a634000000)]
  0x000002a5dd3af000 JavaThread "Sweeper thread" daemon [_thread_blocked, id=23632, stack(0x000000a633600000,0x000000a633b00000)]
  0x000002a5dd3fd000 JavaThread "C1 CompilerThread3" daemon [_thread_blocked, id=12532, stack(0x000000a633500000,0x000000a633600000)]
  0x000002a5dd3fc800 JavaThread "C2 CompilerThread2" daemon [_thread_blocked, id=17892, stack(0x000000a633400000,0x000000a633500000)]
  0x000002a5dd3fb800 JavaThread "C2 CompilerThread1" daemon [_thread_blocked, id=31248, stack(0x000000a633300000,0x000000a633400000)]
  0x000002a5dd3fa000 JavaThread "C2 CompilerThread0" daemon [_thread_blocked, id=30728, stack(0x000000a633200000,0x000000a633300000)]
  0x000002a5dd3f9000 JavaThread "Attach Listener" daemon [_thread_blocked, id=10528, stack(0x000000a632d00000,0x000000a633200000)]
  0x000002a5dd3f7800 JavaThread "Signal Dispatcher" daemon [_thread_blocked, id=28640, stack(0x000000a632800000,0x000000a632d00000)]
  0x000002a5dd3e8000 JavaThread "Finalizer" daemon [_thread_blocked, id=12548, stack(0x000000a632300000,0x000000a632800000)]
  0x000002a5dd3e7800 JavaThread "Reference Handler" daemon [_thread_blocked, id=19116, stack(0x000000a631e00000,0x000000a632300000)]
  0x000002a5dcf86000 JavaThread "main" [_thread_blocked, id=32572, stack(0x000000a62f100000,0x000000a62f200000)]

Other Threads:
  0x000002a5dd3de000 VMThread "VM Thread" [stack: 0x000000a631d00000,0x000000a631e00000] [id=30464]
  0x000002a5da871800 WatcherThread [stack: 0x000000a634500000,0x000000a634600000] [id=13844]
  0x000002a5da866000 GCTaskThread "GC Thread#0" [stack: 0x000000a630900000,0x000000a630a00000] [id=30708]
  0x000002a5dd0e8000 GCTaskThread "GC Thread#1" [stack: 0x000000a630a00000,0x000000a630b00000] [id=30984]
  0x000002a5dd0e8800 GCTaskThread "GC Thread#2" [stack: 0x000000a630b00000,0x000000a630c00000] [id=5492]
  0x000002a5dd5ad800 GCTaskThread "GC Thread#3" [stack: 0x000000a630c00000,0x000000a630d00000] [id=6552]
  0x000002a5dd5ae000 GCTaskThread "GC Thread#4" [stack: 0x000000a630d00000,0x000000a630e00000] [id=32684]
  0x000002a5dd516000 GCTaskThread "GC Thread#5" [stack: 0x000000a630e00000,0x000000a630f00000] [id=32984]
  0x000002a5dd206800 GCTaskThread "GC Thread#6" [stack: 0x000000a630f00000,0x000000a631000000] [id=2088]
  0x000002a5dd207000 GCTaskThread "GC Thread#7" [stack: 0x000000a631000000,0x000000a631100000] [id=32]
  0x000002a5d30ef800 ConcurrentGCThread "G1 Main Marker" [stack: 0x000000a631a00000,0x000000a631b00000] [id=29280]
  0x000002a5d107e800 ConcurrentGCThread "G1 Marker#0" [stack: 0x000000a631b00000,0x000000a631c00000] [id=28576]
  0x000002a5d9d21800 ConcurrentGCThread "G1 Marker#1" [stack: 0x000000a631c00000,0x000000a631d00000] [id=31888]
  0x000002a5d107d800 ConcurrentGCThread "G1 Refine#0" [stack: 0x000000a631800000,0x000000a631900000] [id=20452]
  0x000002a5d5cc9000 ConcurrentGCThread "G1 Refine#1" [stack: 0x000000a631700000,0x000000a631800000] [id=30808]
  0x000002a5d5cc7800 ConcurrentGCThread "G1 Refine#2" [stack: 0x000000a631600000,0x000000a631700000] [id=19976]
  0x000002a5d5cc7000 ConcurrentGCThread "G1 Refine#3" [stack: 0x000000a631500000,0x000000a631600000] [id=17156]
  0x000002a5d5cc6800 ConcurrentGCThread "G1 Refine#4" [stack: 0x000000a631400000,0x000000a631500000] [id=32880]
  0x000002a5dcae1000 ConcurrentGCThread "G1 Refine#5" [stack: 0x000000a631300000,0x000000a631400000] [id=10696]
  0x000002a5dcae0800 ConcurrentGCThread "G1 Refine#6" [stack: 0x000000a631200000,0x000000a631300000] [id=17792]
  0x000002a5dd1db800 ConcurrentGCThread "G1 Refine#7" [stack: 0x000000a631100000,0x000000a631200000] [id=32444]
  0x000002a5d107e000 ConcurrentGCThread "G1 Young RemSet Sampling" [stack: 0x000000a631900000,0x000000a631a00000] [id=33148]

Threads with active compile tasks:

VM state:not at safepoint (normal execution)

VM Mutex/Monitor currently owned by a thread: None

Heap address: 0x0000000700000000, size: 3072 MB, Compressed Oops mode: Zero based, Oop shift amount: 3
Narrow klass base: 0x0000000000000000, Narrow klass shift: 3
Compressed class space size: 1073741824 Address: 0x00000007c0000000

Heap:
 garbage-first heap   total 165888K, used 91497K [0x0000000700000000, 0x0000000700100510, 0x00000007c0000000)
  region size 1024K, 37 young (37888K), 2 survivors (2048K)
 Metaspace       used 70625K, capacity 75025K, committed 75084K, reserved 1114112K
  class space    used 9750K, capacity 10543K, committed 10572K, reserved 1048576K
Heap Regions: E=young(eden), S=young(survivor), O=old, HS=humongous(starts), HC=humongous(continues), CS=collection set, F=free, A=archive, TS=gc time stamp, AC=allocation context, TAMS=top-at-mark-start (previous, next)
|   0|0x0000000700000000, 0x00000007000f53d8, 0x0000000700100000| 95%| O|  |TS  0|AC  0|TAMS 0x0000000700000000, 0x0000000700000000|
|   1|0x0000000700100000, 0x0000000700200000, 0x0000000700200000|100%|HS|  |TS  0|AC  0|TAMS 0x0000000700100000, 0x0000000700100000|
|   2|0x0000000700200000, 0x0000000700300000, 0x0000000700300000|100%|HC|  |TS  0|AC  0|TAMS 0x0000000700200000, 0x0000000700200000|
|   3|0x0000000700300000, 0x0000000700400000, 0x0000000700400000|100%|HS|  |TS  0|AC  0|TAMS 0x0000000700300000, 0x0000000700300000|
|   4|0x0000000700400000, 0x00000007004f2110, 0x0000000700500000| 94%| O|  |TS  0|AC  0|TAMS 0x0000000700400000, 0x0000000700400000|
|   5|0x0000000700500000, 0x00000007005ffff0, 0x0000000700600000| 99%| O|  |TS  0|AC  0|TAMS 0x0000000700500000, 0x0000000700500000|
|   6|0x0000000700600000, 0x00000007006ffff0, 0x0000000700700000| 99%| O|  |TS  0|AC  0|TAMS 0x0000000700600000, 0x0000000700600000|
|   7|0x0000000700700000, 0x00000007007fffd8, 0x0000000700800000| 99%| O|  |TS  0|AC  0|TAMS 0x0000000700700000, 0x0000000700700000|
|   8|0x0000000700800000, 0x00000007008ffff8, 0x0000000700900000| 99%| O|  |TS  0|AC  0|TAMS 0x0000000700800000, 0x0000000700800000|
|   9|0x0000000700900000, 0x00000007009ffe58, 0x0000000700a00000| 99%| O|  |TS  0|AC  0|TAMS 0x0000000700900000, 0x0000000700900000|
|  10|0x0000000700a00000, 0x0000000700af4230, 0x0000000700b00000| 95%| O|  |TS  0|AC  0|TAMS 0x0000000700a00000, 0x0000000700a00000|
|  11|0x0000000700b00000, 0x0000000700c00000, 0x0000000700c00000|100%|HS|  |TS  0|AC  0|TAMS 0x0000000700b00000, 0x0000000700b00000|
|  12|0x0000000700c00000, 0x0000000700cff388, 0x0000000700d00000| 99%| O|  |TS  0|AC  0|TAMS 0x0000000700c00000, 0x0000000700c00000|
|  13|0x0000000700d00000, 0x0000000700dff6f0, 0x0000000700e00000| 99%| O|  |TS  0|AC  0|TAMS 0x0000000700d00000, 0x0000000700d00000|
|  14|0x0000000700e00000, 0x0000000700efe098, 0x0000000700f00000| 99%| O|  |TS  0|AC  0|TAMS 0x0000000700e00000, 0x0000000700e00000|
|  15|0x0000000700f00000, 0x0000000700fef700, 0x0000000701000000| 93%| O|  |TS  0|AC  0|TAMS 0x0000000700f00000, 0x0000000700f00000|
|  16|0x0000000701000000, 0x00000007010fffe8, 0x0000000701100000| 99%| O|  |TS  0|AC  0|TAMS 0x0000000701000000, 0x0000000701000000|
|  17|0x0000000701100000, 0x00000007011ffec0, 0x0000000701200000| 99%| O|  |TS  0|AC  0|TAMS 0x0000000701100000, 0x0000000701100000|
|  18|0x0000000701200000, 0x0000000701300000, 0x0000000701300000|100%| O|  |TS  0|AC  0|TAMS 0x0000000701200000, 0x0000000701200000|
|  19|0x0000000701300000, 0x00000007013ffff8, 0x0000000701400000| 99%| O|  |TS  0|AC  0|TAMS 0x0000000701300000, 0x0000000701300000|
|  20|0x0000000701400000, 0x00000007014ffff8, 0x0000000701500000| 99%| O|  |TS  0|AC  0|TAMS 0x0000000701400000, 0x0000000701400000|
|  21|0x0000000701500000, 0x00000007015fffe0, 0x0000000701600000| 99%| O|  |TS  0|AC  0|TAMS 0x0000000701500000, 0x0000000701500000|
|  22|0x0000000701600000, 0x00000007016ffff0, 0x0000000701700000| 99%| O|  |TS  0|AC  0|TAMS 0x0000000701600000, 0x0000000701600000|
|  23|0x0000000701700000, 0x00000007017fffd8, 0x0000000701800000| 99%| O|  |TS  0|AC  0|TAMS 0x0000000701700000, 0x0000000701700000|
|  24|0x0000000701800000, 0x00000007018fffc8, 0x0000000701900000| 99%| O|  |TS  0|AC  0|TAMS 0x0000000701800000, 0x0000000701800000|
|  25|0x0000000701900000, 0x00000007019fffe8, 0x0000000701a00000| 99%| O|  |TS  0|AC  0|TAMS 0x0000000701900000, 0x0000000701900000|
|  26|0x0000000701a00000, 0x0000000701affcd0, 0x0000000701b00000| 99%| O|  |TS  0|AC  0|TAMS 0x0000000701a00000, 0x0000000701a00000|
|  27|0x0000000701b00000, 0x0000000701bffff0, 0x0000000701c00000| 99%| O|  |TS  0|AC  0|TAMS 0x0000000701b00000, 0x0000000701b00000|
|  28|0x0000000701c00000, 0x0000000701cffe58, 0x0000000701d00000| 99%| O|  |TS  0|AC  0|TAMS 0x0000000701c00000, 0x0000000701c00000|
|  29|0x0000000701d00000, 0x0000000701dffff8, 0x0000000701e00000| 99%| O|  |TS  0|AC  0|TAMS 0x0000000701d00000, 0x0000000701d00000|
|  30|0x0000000701e00000, 0x0000000701effff8, 0x0000000701f00000| 99%| O|  |TS  0|AC  0|TAMS 0x0000000701e00000, 0x0000000701e00000|
|  31|0x0000000701f00000, 0x0000000702000000, 0x0000000702000000|100%| O|  |TS  0|AC  0|TAMS 0x0000000701f00000, 0x0000000701f00000|
|  32|0x0000000702000000, 0x00000007020ffff0, 0x0000000702100000| 99%| O|  |TS  0|AC  0|TAMS 0x0000000702000000, 0x0000000702000000|
|  33|0x0000000702100000, 0x00000007021f9668, 0x0000000702200000| 97%| O|  |TS  0|AC  0|TAMS 0x0000000702100000, 0x0000000702100000|
|  34|0x0000000702200000, 0x00000007022f3a18, 0x0000000702300000| 95%| O|  |TS  0|AC  0|TAMS 0x0000000702200000, 0x0000000702200000|
|  35|0x0000000702300000, 0x00000007023fffe8, 0x0000000702400000| 99%| O|  |TS  0|AC  0|TAMS 0x0000000702300000, 0x0000000702300000|
|  36|0x0000000702400000, 0x00000007024fffb8, 0x0000000702500000| 99%| O|  |TS  0|AC  0|TAMS 0x0000000702400000, 0x0000000702400000|
|  37|0x0000000702500000, 0x00000007025f2e40, 0x0000000702600000| 94%| O|  |TS  0|AC  0|TAMS 0x0000000702500000, 0x0000000702500000|
|  38|0x0000000702600000, 0x00000007026ffee0, 0x0000000702700000| 99%| O|  |TS  0|AC  0|TAMS 0x0000000702600000, 0x0000000702600000|
|  39|0x0000000702700000, 0x00000007027fcf28, 0x0000000702800000| 98%| O|  |TS  0|AC  0|TAMS 0x0000000702700000, 0x0000000702700000|
|  40|0x0000000702800000, 0x00000007028fff28, 0x0000000702900000| 99%| O|  |TS  0|AC  0|TAMS 0x0000000702800000, 0x0000000702800000|
|  41|0x0000000702900000, 0x00000007029ffff0, 0x0000000702a00000| 99%| O|  |TS  0|AC  0|TAMS 0x0000000702900000, 0x0000000702900000|
|  42|0x0000000702a00000, 0x0000000702afffe8, 0x0000000702b00000| 99%| O|  |TS  0|AC  0|TAMS 0x0000000702a00000, 0x0000000702a00000|
|  43|0x0000000702b00000, 0x0000000702c00000, 0x0000000702c00000|100%| O|  |TS  0|AC  0|TAMS 0x0000000702b00000, 0x0000000702b00000|
|  44|0x0000000702c00000, 0x0000000702cff3d8, 0x0000000702d00000| 99%| O|  |TS  0|AC  0|TAMS 0x0000000702c00000, 0x0000000702c00000|
|  45|0x0000000702d00000, 0x0000000702e00000, 0x0000000702e00000|100%|HS|  |TS  0|AC  0|TAMS 0x0000000702d00000, 0x0000000702d00000|
|  46|0x0000000702e00000, 0x0000000702f00000, 0x0000000702f00000|100%|HC|  |TS  0|AC  0|TAMS 0x0000000702e00000, 0x0000000702e00000|
|  47|0x0000000702f00000, 0x0000000703000000, 0x0000000703000000|100%|HC|  |TS  0|AC  0|TAMS 0x0000000702f00000, 0x0000000702f00000|
|  48|0x0000000703000000, 0x0000000703100000, 0x0000000703100000|100%|HC|  |TS  0|AC  0|TAMS 0x0000000703000000, 0x0000000703000000|
|  49|0x0000000703100000, 0x0000000703200000, 0x0000000703200000|100%|HC|  |TS  0|AC  0|TAMS 0x0000000703100000, 0x0000000703100000|
|  50|0x0000000703200000, 0x0000000703300000, 0x0000000703300000|100%|HC|  |TS  0|AC  0|TAMS 0x0000000703200000, 0x0000000703200000|
|  51|0x0000000703300000, 0x0000000703400000, 0x0000000703400000|100%|HC|  |TS  0|AC  0|TAMS 0x0000000703300000, 0x0000000703300000|
|  52|0x0000000703400000, 0x0000000703500000, 0x0000000703500000|100%|HC|  |TS  0|AC  0|TAMS 0x0000000703400000, 0x0000000703400000|
|  53|0x0000000703500000, 0x00000007035fffa8, 0x0000000703600000| 99%| O|  |TS  0|AC  0|TAMS 0x0000000703500000, 0x0000000703500000|
|  54|0x0000000703600000, 0x000000070369c328, 0x0000000703700000| 61%| O|  |TS  0|AC  0|TAMS 0x0000000703600000, 0x0000000703600000|
|  55|0x0000000703700000, 0x0000000703700000, 0x0000000703800000|  0%| F|  |TS  0|AC  0|TAMS 0x0000000703700000, 0x0000000703700000|
|  56|0x0000000703800000, 0x0000000703800000, 0x0000000703900000|  0%| F|  |TS  0|AC  0|TAMS 0x0000000703800000, 0x0000000703800000|
|  57|0x0000000703900000, 0x0000000703900000, 0x0000000703a00000|  0%| F|  |TS  0|AC  0|TAMS 0x0000000703900000, 0x0000000703900000|
|  58|0x0000000703a00000, 0x0000000703a00000, 0x0000000703b00000|  0%| F|  |TS  0|AC  0|TAMS 0x0000000703a00000, 0x0000000703a00000|
|  59|0x0000000703b00000, 0x0000000703b00000, 0x0000000703c00000|  0%| F|  |TS  0|AC  0|TAMS 0x0000000703b00000, 0x0000000703b00000|
|  60|0x0000000703c00000, 0x0000000703c00000, 0x0000000703d00000|  0%| F|  |TS  0|AC  0|TAMS 0x0000000703c00000, 0x0000000703c00000|
|  61|0x0000000703d00000, 0x0000000703d00000, 0x0000000703e00000|  0%| F|  |TS  0|AC  0|TAMS 0x0000000703d00000, 0x0000000703d00000|
|  62|0x0000000703e00000, 0x0000000703e00000, 0x0000000703f00000|  0%| F|  |TS  0|AC  0|TAMS 0x0000000703e00000, 0x0000000703e00000|
|  63|0x0000000703f00000, 0x0000000703f00000, 0x0000000704000000|  0%| F|  |TS  0|AC  0|TAMS 0x0000000703f00000, 0x0000000703f00000|
|  64|0x0000000704000000, 0x0000000704000000, 0x0000000704100000|  0%| F|  |TS  0|AC  0|TAMS 0x0000000704000000, 0x0000000704000000|
|  65|0x0000000704100000, 0x0000000704100000, 0x0000000704200000|  0%| F|  |TS  0|AC  0|TAMS 0x0000000704100000, 0x0000000704100000|
|  66|0x0000000704200000, 0x0000000704200000, 0x0000000704300000|  0%| F|  |TS  0|AC  0|TAMS 0x0000000704200000, 0x0000000704200000|
|  67|0x0000000704300000, 0x0000000704300000, 0x0000000704400000|  0%| F|  |TS  0|AC  0|TAMS 0x0000000704300000, 0x0000000704300000|
|  68|0x0000000704400000, 0x0000000704400000, 0x0000000704500000|  0%| F|  |TS  0|AC  0|TAMS 0x0000000704400000, 0x0000000704400000|
|  69|0x0000000704500000, 0x0000000704500000, 0x0000000704600000|  0%| F|  |TS  0|AC  0|TAMS 0x0000000704500000, 0x0000000704500000|
|  70|0x0000000704600000, 0x0000000704600000, 0x0000000704700000|  0%| F|  |TS  0|AC  0|TAMS 0x0000000704600000, 0x0000000704600000|
|  71|0x0000000704700000, 0x0000000704700000, 0x0000000704800000|  0%| F|  |TS  0|AC  0|TAMS 0x0000000704700000, 0x0000000704700000|
|  72|0x0000000704800000, 0x0000000704800000, 0x0000000704900000|  0%| F|  |TS  0|AC  0|TAMS 0x0000000704800000, 0x0000000704800000|
|  73|0x0000000704900000, 0x0000000704900000, 0x0000000704a00000|  0%| F|  |TS  0|AC  0|TAMS 0x0000000704900000, 0x0000000704900000|
|  74|0x0000000704a00000, 0x0000000704a00000, 0x0000000704b00000|  0%| F|  |TS  0|AC  0|TAMS 0x0000000704a00000, 0x0000000704a00000|
|  75|0x0000000704b00000, 0x0000000704b00000, 0x0000000704c00000|  0%| F|  |TS  0|AC  0|TAMS 0x0000000704b00000, 0x0000000704b00000|
|  76|0x0000000704c00000, 0x0000000704c00000, 0x0000000704d00000|  0%| F|  |TS  0|AC  0|TAMS 0x0000000704c00000, 0x0000000704c00000|
|  77|0x0000000704d00000, 0x0000000704d00000, 0x0000000704e00000|  0%| F|  |TS  0|AC  0|TAMS 0x0000000704d00000, 0x0000000704d00000|
|  78|0x0000000704e00000, 0x0000000704e00000, 0x0000000704f00000|  0%| F|  |TS  0|AC  0|TAMS 0x0000000704e00000, 0x0000000704e00000|
|  79|0x0000000704f00000, 0x0000000704f00000, 0x0000000705000000|  0%| F|  |TS  0|AC  0|TAMS 0x0000000704f00000, 0x0000000704f00000|
|  80|0x0000000705000000, 0x0000000705000000, 0x0000000705100000|  0%| F|  |TS  0|AC  0|TAMS 0x0000000705000000, 0x0000000705000000|
|  81|0x0000000705100000, 0x0000000705100000, 0x0000000705200000|  0%| F|  |TS  0|AC  0|TAMS 0x0000000705100000, 0x0000000705100000|
|  82|0x0000000705200000, 0x0000000705200000, 0x0000000705300000|  0%| F|  |TS  0|AC  0|TAMS 0x0000000705200000, 0x0000000705200000|
|  83|0x0000000705300000, 0x0000000705300000, 0x0000000705400000|  0%| F|  |TS  0|AC  0|TAMS 0x0000000705300000, 0x0000000705300000|
|  84|0x0000000705400000, 0x0000000705400000, 0x0000000705500000|  0%| F|  |TS  0|AC  0|TAMS 0x0000000705400000, 0x0000000705400000|
|  85|0x0000000705500000, 0x0000000705500000, 0x0000000705600000|  0%| F|  |TS  0|AC  0|TAMS 0x0000000705500000, 0x0000000705500000|
|  86|0x0000000705600000, 0x0000000705600000, 0x0000000705700000|  0%| F|  |TS  0|AC  0|TAMS 0x0000000705600000, 0x0000000705600000|
|  87|0x0000000705700000, 0x0000000705700000, 0x0000000705800000|  0%| F|  |TS  0|AC  0|TAMS 0x0000000705700000, 0x0000000705700000|
|  88|0x0000000705800000, 0x0000000705800000, 0x0000000705900000|  0%| F|  |TS  0|AC  0|TAMS 0x0000000705800000, 0x0000000705800000|
|  89|0x0000000705900000, 0x0000000705900000, 0x0000000705a00000|  0%| F|  |TS  0|AC  0|TAMS 0x0000000705900000, 0x0000000705900000|
|  90|0x0000000705a00000, 0x0000000705a00000, 0x0000000705b00000|  0%| F|  |TS  0|AC  0|TAMS 0x0000000705a00000, 0x0000000705a00000|
|  91|0x0000000705b00000, 0x0000000705b00000, 0x0000000705c00000|  0%| F|  |TS  0|AC  0|TAMS 0x0000000705b00000, 0x0000000705b00000|
|  92|0x0000000705c00000, 0x0000000705c00000, 0x0000000705d00000|  0%| F|  |TS  0|AC  0|TAMS 0x0000000705c00000, 0x0000000705c00000|
|  93|0x0000000705d00000, 0x0000000705d00000, 0x0000000705e00000|  0%| F|  |TS  0|AC  0|TAMS 0x0000000705d00000, 0x0000000705d00000|
|  94|0x0000000705e00000, 0x0000000705e00000, 0x0000000705f00000|  0%| F|  |TS  0|AC  0|TAMS 0x0000000705e00000, 0x0000000705e00000|
|  95|0x0000000705f00000, 0x0000000705f00000, 0x0000000706000000|  0%| F|  |TS  0|AC  0|TAMS 0x0000000705f00000, 0x0000000705f00000|
|  96|0x0000000706000000, 0x0000000706000000, 0x0000000706100000|  0%| F|  |TS  0|AC  0|TAMS 0x0000000706000000, 0x0000000706000000|
|  97|0x0000000706100000, 0x0000000706100000, 0x0000000706200000|  0%| F|  |TS  0|AC  0|TAMS 0x0000000706100000, 0x0000000706100000|
|  98|0x0000000706200000, 0x0000000706200000, 0x0000000706300000|  0%| F|  |TS  0|AC  0|TAMS 0x0000000706200000, 0x0000000706200000|
|  99|0x0000000706300000, 0x0000000706300000, 0x0000000706400000|  0%| F|  |TS  0|AC  0|TAMS 0x0000000706300000, 0x0000000706300000|
| 100|0x0000000706400000, 0x000000070641b3f0, 0x0000000706500000| 10%| S|CS|TS 15|AC  0|TAMS 0x0000000706400000, 0x0000000706400000|
| 101|0x0000000706500000, 0x0000000706500000, 0x0000000706600000|  0%| F|  |TS 15|AC  0|TAMS 0x0000000706500000, 0x0000000706500000|
| 102|0x0000000706600000, 0x0000000706700000, 0x0000000706700000|100%| S|CS|TS 15|AC  0|TAMS 0x0000000706600000, 0x0000000706600000|
| 103|0x0000000706700000, 0x0000000706700000, 0x0000000706800000|  0%| F|  |TS 15|AC  0|TAMS 0x0000000706700000, 0x0000000706700000|
| 104|0x0000000706800000, 0x0000000706800000, 0x0000000706900000|  0%| F|  |TS 15|AC  0|TAMS 0x0000000706800000, 0x0000000706800000|
| 105|0x0000000706900000, 0x0000000706900000, 0x0000000706a00000|  0%| F|  |TS 15|AC  0|TAMS 0x0000000706900000, 0x0000000706900000|
| 106|0x0000000706a00000, 0x0000000706a00000, 0x0000000706b00000|  0%| F|  |TS 15|AC  0|TAMS 0x0000000706a00000, 0x0000000706a00000|
| 107|0x0000000706b00000, 0x0000000706b00000, 0x0000000706c00000|  0%| F|  |TS 15|AC  0|TAMS 0x0000000706b00000, 0x0000000706b00000|
| 108|0x0000000706c00000, 0x0000000706c00000, 0x0000000706d00000|  0%| F|  |TS 15|AC  0|TAMS 0x0000000706c00000, 0x0000000706c00000|
| 109|0x0000000706d00000, 0x0000000706d00000, 0x0000000706e00000|  0%| F|  |TS 15|AC  0|TAMS 0x0000000706d00000, 0x0000000706d00000|
| 110|0x0000000706e00000, 0x0000000706e00000, 0x0000000706f00000|  0%| F|  |TS 15|AC  0|TAMS 0x0000000706e00000, 0x0000000706e00000|
| 111|0x0000000706f00000, 0x0000000706f00000, 0x0000000707000000|  0%| F|  |TS 15|AC  0|TAMS 0x0000000706f00000, 0x0000000706f00000|
| 112|0x0000000707000000, 0x0000000707000000, 0x0000000707100000|  0%| F|  |TS 15|AC  0|TAMS 0x0000000707000000, 0x0000000707000000|
| 113|0x0000000707100000, 0x0000000707100000, 0x0000000707200000|  0%| F|  |TS 15|AC  0|TAMS 0x0000000707100000, 0x0000000707100000|
| 114|0x0000000707200000, 0x0000000707200000, 0x0000000707300000|  0%| F|  |TS 15|AC  0|TAMS 0x0000000707200000, 0x0000000707200000|
| 115|0x0000000707300000, 0x0000000707300000, 0x0000000707400000|  0%| F|  |TS 15|AC  0|TAMS 0x0000000707300000, 0x0000000707300000|
| 116|0x0000000707400000, 0x0000000707400000, 0x0000000707500000|  0%| F|  |TS 15|AC  0|TAMS 0x0000000707400000, 0x0000000707400000|
| 117|0x0000000707500000, 0x0000000707500000, 0x0000000707600000|  0%| F|  |TS 15|AC  0|TAMS 0x0000000707500000, 0x0000000707500000|
| 118|0x0000000707600000, 0x0000000707600000, 0x0000000707700000|  0%| F|  |TS 15|AC  0|TAMS 0x0000000707600000, 0x0000000707600000|
| 119|0x0000000707700000, 0x0000000707700000, 0x0000000707800000|  0%| F|  |TS 15|AC  0|TAMS 0x0000000707700000, 0x0000000707700000|
| 120|0x0000000707800000, 0x0000000707800000, 0x0000000707900000|  0%| F|  |TS 15|AC  0|TAMS 0x0000000707800000, 0x0000000707800000|
| 121|0x0000000707900000, 0x0000000707900000, 0x0000000707a00000|  0%| F|  |TS 15|AC  0|TAMS 0x0000000707900000, 0x0000000707900000|
| 122|0x0000000707a00000, 0x0000000707a00000, 0x0000000707b00000|  0%| F|  |TS 15|AC  0|TAMS 0x0000000707a00000, 0x0000000707a00000|
| 123|0x0000000707b00000, 0x0000000707b00000, 0x0000000707c00000|  0%| F|  |TS 15|AC  0|TAMS 0x0000000707b00000, 0x0000000707b00000|
| 124|0x0000000707c00000, 0x0000000707c00000, 0x0000000707d00000|  0%| F|  |TS 15|AC  0|TAMS 0x0000000707c00000, 0x0000000707c00000|
| 125|0x0000000707d00000, 0x0000000707d00000, 0x0000000707e00000|  0%| F|  |TS 15|AC  0|TAMS 0x0000000707d00000, 0x0000000707d00000|
| 126|0x0000000707e00000, 0x0000000707e00000, 0x0000000707f00000|  0%| F|  |TS 15|AC  0|TAMS 0x0000000707e00000, 0x0000000707e00000|
| 127|0x0000000707f00000, 0x0000000707f06d90, 0x0000000708000000|  2%| E|  |TS 15|AC  0|TAMS 0x0000000707f00000, 0x0000000707f00000|
| 128|0x0000000708000000, 0x0000000708100000, 0x0000000708100000|100%| E|CS|TS 15|AC  0|TAMS 0x0000000708000000, 0x0000000708000000|
| 129|0x0000000708100000, 0x0000000708200000, 0x0000000708200000|100%| E|CS|TS 15|AC  0|TAMS 0x0000000708100000, 0x0000000708100000|
| 130|0x0000000708200000, 0x0000000708300000, 0x0000000708300000|100%| E|CS|TS 15|AC  0|TAMS 0x0000000708200000, 0x0000000708200000|
| 131|0x0000000708300000, 0x0000000708400000, 0x0000000708400000|100%| E|CS|TS 15|AC  0|TAMS 0x0000000708300000, 0x0000000708300000|
| 132|0x0000000708400000, 0x0000000708500000, 0x0000000708500000|100%| E|CS|TS 15|AC  0|TAMS 0x0000000708400000, 0x0000000708400000|
| 133|0x0000000708500000, 0x0000000708600000, 0x0000000708600000|100%| E|CS|TS 15|AC  0|TAMS 0x0000000708500000, 0x0000000708500000|
| 134|0x0000000708600000, 0x0000000708700000, 0x0000000708700000|100%| E|CS|TS 15|AC  0|TAMS 0x0000000708600000, 0x0000000708600000|
| 135|0x0000000708700000, 0x0000000708800000, 0x0000000708800000|100%| E|CS|TS 15|AC  0|TAMS 0x0000000708700000, 0x0000000708700000|
| 136|0x0000000708800000, 0x0000000708900000, 0x0000000708900000|100%| E|CS|TS 15|AC  0|TAMS 0x0000000708800000, 0x0000000708800000|
| 137|0x0000000708900000, 0x0000000708a00000, 0x0000000708a00000|100%| E|CS|TS 15|AC  0|TAMS 0x0000000708900000, 0x0000000708900000|
| 138|0x0000000708a00000, 0x0000000708b00000, 0x0000000708b00000|100%| E|CS|TS 15|AC  0|TAMS 0x0000000708a00000, 0x0000000708a00000|
| 139|0x0000000708b00000, 0x0000000708c00000, 0x0000000708c00000|100%| E|CS|TS 15|AC  0|TAMS 0x0000000708b00000, 0x0000000708b00000|
| 140|0x0000000708c00000, 0x0000000708d00000, 0x0000000708d00000|100%| E|CS|TS 15|AC  0|TAMS 0x0000000708c00000, 0x0000000708c00000|
| 141|0x0000000708d00000, 0x0000000708e00000, 0x0000000708e00000|100%| E|CS|TS 15|AC  0|TAMS 0x0000000708d00000, 0x0000000708d00000|
| 142|0x0000000708e00000, 0x0000000708f00000, 0x0000000708f00000|100%| E|CS|TS 15|AC  0|TAMS 0x0000000708e00000, 0x0000000708e00000|
| 143|0x0000000708f00000, 0x0000000709000000, 0x0000000709000000|100%| E|CS|TS 15|AC  0|TAMS 0x0000000708f00000, 0x0000000708f00000|
| 144|0x0000000709000000, 0x0000000709100000, 0x0000000709100000|100%| E|CS|TS 15|AC  0|TAMS 0x0000000709000000, 0x0000000709000000|
| 145|0x0000000709100000, 0x0000000709200000, 0x0000000709200000|100%| E|CS|TS 15|AC  0|TAMS 0x0000000709100000, 0x0000000709100000|
| 146|0x0000000709200000, 0x0000000709300000, 0x0000000709300000|100%| E|CS|TS 15|AC  0|TAMS 0x0000000709200000, 0x0000000709200000|
| 147|0x0000000709300000, 0x0000000709400000, 0x0000000709400000|100%| E|CS|TS 15|AC  0|TAMS 0x0000000709300000, 0x0000000709300000|
| 148|0x0000000709400000, 0x0000000709500000, 0x0000000709500000|100%| E|CS|TS 15|AC  0|TAMS 0x0000000709400000, 0x0000000709400000|
| 149|0x0000000709500000, 0x0000000709600000, 0x0000000709600000|100%| E|CS|TS 15|AC  0|TAMS 0x0000000709500000, 0x0000000709500000|
| 150|0x0000000709600000, 0x0000000709700000, 0x0000000709700000|100%| E|CS|TS 15|AC  0|TAMS 0x0000000709600000, 0x0000000709600000|
| 151|0x0000000709700000, 0x0000000709800000, 0x0000000709800000|100%| E|CS|TS 15|AC  0|TAMS 0x0000000709700000, 0x0000000709700000|
| 152|0x0000000709800000, 0x0000000709900000, 0x0000000709900000|100%| E|CS|TS 15|AC  0|TAMS 0x0000000709800000, 0x0000000709800000|
| 153|0x0000000709900000, 0x0000000709a00000, 0x0000000709a00000|100%| E|CS|TS 15|AC  0|TAMS 0x0000000709900000, 0x0000000709900000|
| 154|0x0000000709a00000, 0x0000000709b00000, 0x0000000709b00000|100%| E|CS|TS 15|AC  0|TAMS 0x0000000709a00000, 0x0000000709a00000|
| 155|0x0000000709b00000, 0x0000000709c00000, 0x0000000709c00000|100%| E|CS|TS 15|AC  0|TAMS 0x0000000709b00000, 0x0000000709b00000|
| 156|0x0000000709c00000, 0x0000000709d00000, 0x0000000709d00000|100%| E|CS|TS 15|AC  0|TAMS 0x0000000709c00000, 0x0000000709c00000|
| 157|0x0000000709d00000, 0x0000000709e00000, 0x0000000709e00000|100%| E|CS|TS 15|AC  0|TAMS 0x0000000709d00000, 0x0000000709d00000|
| 158|0x0000000709e00000, 0x0000000709f00000, 0x0000000709f00000|100%| E|CS|TS 15|AC  0|TAMS 0x0000000709e00000, 0x0000000709e00000|
| 159|0x0000000709f00000, 0x000000070a000000, 0x000000070a000000|100%| E|CS|TS 15|AC  0|TAMS 0x0000000709f00000, 0x0000000709f00000|
| 160|0x000000070a000000, 0x000000070a100000, 0x000000070a100000|100%| E|CS|TS 15|AC  0|TAMS 0x000000070a000000, 0x000000070a000000|
| 161|0x000000070a100000, 0x000000070a200000, 0x000000070a200000|100%| E|CS|TS 15|AC  0|TAMS 0x000000070a100000, 0x000000070a100000|

Card table byte_map: [0x000002a5d78b0000,0x000002a5d7eb0000] byte_map_base: 0x000002a5d40b0000

Marking Bits (Prev, Next): (CMBitMap*) 0x000002a5d5ccb730, (CMBitMap*) 0x000002a5d5ccb768
 Prev Bits: [0x000002a5f3470000, 0x000002a5f6470000)
 Next Bits: [0x000002a5f6470000, 0x000002a5f9470000)

Polling page: 0x000002a5cea00000

CodeHeap 'non-profiled nmethods': size=120000Kb used=13219Kb max_used=14252Kb free=106780Kb
 bounds [0x000002a5ebf40000, 0x000002a5ecd30000, 0x000002a5f3470000]
CodeHeap 'profiled nmethods': size=120000Kb used=29859Kb max_used=32891Kb free=90140Kb
 bounds [0x000002a5e4a10000, 0x000002a5e6a50000, 0x000002a5ebf40000]
CodeHeap 'non-nmethods': size=5760Kb used=1701Kb max_used=1777Kb free=4058Kb
 bounds [0x000002a5e4470000, 0x000002a5e46e0000, 0x000002a5e4a10000]
 total_blobs=21227 nmethods=12093 adapters=998
 compilation: enabled

Compilation events (10 events):
Event: 321.636 Thread 0x000002a5dd3fd000 nmethod 14855 0x000002a5e4a4ce90 code [0x000002a5e4a4d080, 0x000002a5e4a4d6a0]
Event: 321.636 Thread 0x000002a5dd3fd000 14856       3       javax.swing.JTabbedPane$Page::getBackground (22 bytes)
Event: 321.636 Thread 0x000002a5dd3fd000 nmethod 14856 0x000002a5e4a4c790 code [0x000002a5e4a4c960, 0x000002a5e4a4cd70]
Event: 321.639 Thread 0x000002a5dd3fa000 nmethod 14853 0x000002a5ec12bf90 code [0x000002a5ec12c160, 0x000002a5ec12c638]
Event: 321.779 Thread 0x000002a5dd3fd000 14857       1       javax.swing.JOptionPane::getUIClassID (3 bytes)
Event: 321.779 Thread 0x000002a5dd3fd000 nmethod 14857 0x000002a5ebfc3a90 code [0x000002a5ebfc3c40, 0x000002a5ebfc3d58]
Event: 321.878 Thread 0x000002a5dd3fb800 14858       4       sun.java2d.pipe.ValidatePipe::copyImage (37 bytes)
Event: 321.891 Thread 0x000002a5dd3fb800 nmethod 14858 0x000002a5ec1ebb90 code [0x000002a5ec1ebda0, 0x000002a5ec1ed050]
Event: 322.191 Thread 0x000002a5dd3fd000 14859       3       java.awt.ModalEventFilter$ApplicationModalEventFilter::acceptWindow (57 bytes)
Event: 322.191 Thread 0x000002a5dd3fd000 nmethod 14859 0x000002a5e4a4bd90 code [0x000002a5e4a4bf80, 0x000002a5e4a4c610]

GC Heap History (10 events):
Event: 129.065 GC heap before
{Heap before GC invocations=42 (full 2):
 garbage-first heap   total 165888K, used 116357K [0x0000000700000000, 0x0000000700100510, 0x00000007c0000000)
  region size 1024K, 60 young (61440K), 1 survivors (1024K)
 Metaspace       used 70173K, capacity 74523K, committed 74828K, reserved 1114112K
  class space    used 9716K, capacity 10508K, committed 10572K, reserved 1048576K
}
Event: 129.067 GC heap after
{Heap after GC invocations=43 (full 2):
 garbage-first heap   total 165888K, used 56388K [0x0000000700000000, 0x0000000700100510, 0x00000007c0000000)
  region size 1024K, 1 young (1024K), 1 survivors (1024K)
 Metaspace       used 70173K, capacity 74523K, committed 74828K, reserved 1114112K
  class space    used 9716K, capacity 10508K, committed 10572K, reserved 1048576K
}
Event: 136.991 GC heap before
{Heap before GC invocations=43 (full 2):
 garbage-first heap   total 165888K, used 116804K [0x0000000700000000, 0x0000000700100510, 0x00000007c0000000)
  region size 1024K, 60 young (61440K), 1 survivors (1024K)
 Metaspace       used 70307K, capacity 74587K, committed 74828K, reserved 1114112K
  class space    used 9716K, capacity 10508K, committed 10572K, reserved 1048576K
}
Event: 136.993 GC heap after
{Heap after GC invocations=44 (full 2):
 garbage-first heap   total 165888K, used 56412K [0x0000000700000000, 0x0000000700100510, 0x00000007c0000000)
  region size 1024K, 1 young (1024K), 1 survivors (1024K)
 Metaspace       used 70307K, capacity 74587K, committed 74828K, reserved 1114112K
  class space    used 9716K, capacity 10508K, committed 10572K, reserved 1048576K
}
Event: 215.046 GC heap before
{Heap before GC invocations=44 (full 2):
 garbage-first heap   total 165888K, used 116828K [0x0000000700000000, 0x0000000700100510, 0x00000007c0000000)
  region size 1024K, 60 young (61440K), 1 survivors (1024K)
 Metaspace       used 70382K, capacity 74715K, committed 74828K, reserved 1114112K
  class space    used 9717K, capacity 10508K, committed 10572K, reserved 1048576K
}
Event: 215.054 GC heap after
{Heap after GC invocations=45 (full 2):
 garbage-first heap   total 165888K, used 56323K [0x0000000700000000, 0x0000000700100510, 0x00000007c0000000)
  region size 1024K, 1 young (1024K), 1 survivors (1024K)
 Metaspace       used 70382K, capacity 74715K, committed 74828K, reserved 1114112K
  class space    used 9717K, capacity 10508K, committed 10572K, reserved 1048576K
}
Event: 302.160 GC heap before
{Heap before GC invocations=45 (full 2):
 garbage-first heap   total 165888K, used 116739K [0x0000000700000000, 0x0000000700100510, 0x00000007c0000000)
  region size 1024K, 60 young (61440K), 1 survivors (1024K)
 Metaspace       used 70462K, capacity 74789K, committed 75084K, reserved 1114112K
  class space    used 9717K, capacity 10509K, committed 10572K, reserved 1048576K
}
Event: 302.162 GC heap after
{Heap after GC invocations=46 (full 2):
 garbage-first heap   total 165888K, used 56472K [0x0000000700000000, 0x0000000700100510, 0x00000007c0000000)
  region size 1024K, 1 young (1024K), 1 survivors (1024K)
 Metaspace       used 70462K, capacity 74789K, committed 75084K, reserved 1114112K
  class space    used 9717K, capacity 10509K, committed 10572K, reserved 1048576K
}
Event: 318.173 GC heap before
{Heap before GC invocations=46 (full 2):
 garbage-first heap   total 165888K, used 116888K [0x0000000700000000, 0x0000000700100510, 0x00000007c0000000)
  region size 1024K, 60 young (61440K), 1 survivors (1024K)
 Metaspace       used 70486K, capacity 74789K, committed 75084K, reserved 1114112K
  class space    used 9718K, capacity 10509K, committed 10572K, reserved 1048576K
}
Event: 318.179 GC heap after
{Heap after GC invocations=47 (full 2):
 garbage-first heap   total 165888K, used 56681K [0x0000000700000000, 0x0000000700100510, 0x00000007c0000000)
  region size 1024K, 2 young (2048K), 2 survivors (2048K)
 Metaspace       used 70486K, capacity 74789K, committed 75084K, reserved 1114112K
  class space    used 9718K, capacity 10509K, committed 10572K, reserved 1048576K
}

Deoptimization events (10 events):
Event: 321.609 Thread 0x000002a5fb989000 Uncommon trap: reason=class_check action=maybe_recompile pc=0x000002a5ecb8dd94 method=java.awt.Component.addNotify()V @ 398 c2
Event: 321.611 Thread 0x000002a5fb989000 Uncommon trap: reason=unstable_if action=reinterpret pc=0x000002a5ec0c7a70 method=java.awt.GridBagLayout.GetLayoutInfo(Ljava/awt/Container;I)Ljava/awt/GridBagLayoutInfo; @ 244 c2
Event: 321.628 Thread 0x000002a5fb989000 Uncommon trap: reason=class_check action=maybe_recompile pc=0x000002a5ec9cba50 method=java.awt.DefaultKeyboardFocusManager.dispatchEvent(Ljava/awt/AWTEvent;)Z @ 1011 c2
Event: 321.629 Thread 0x000002a5fb989000 Uncommon trap: reason=class_check action=maybe_recompile pc=0x000002a5ecb98bc8 method=sun.swing.plaf.synth.DefaultSynthStyle.getColor(Ljavax/swing/JComponent;Ljavax/swing/plaf/synth/Region;ILjavax/swing/plaf/synth/ColorType;)Ljava/awt/Color; @ 96 c2
Event: 321.629 Thread 0x000002a5fb989000 Uncommon trap: reason=class_check action=maybe_recompile pc=0x000002a5ecb98bc8 method=sun.swing.plaf.synth.DefaultSynthStyle.getColor(Ljavax/swing/JComponent;Ljavax/swing/plaf/synth/Region;ILjavax/swing/plaf/synth/ColorType;)Ljava/awt/Color; @ 96 c2
Event: 323.665 Thread 0x000002a5fb989000 Uncommon trap: reason=class_check action=maybe_recompile pc=0x000002a5ecb98bc8 method=sun.swing.plaf.synth.DefaultSynthStyle.getColor(Ljavax/swing/JComponent;Ljavax/swing/plaf/synth/Region;ILjavax/swing/plaf/synth/ColorType;)Ljava/awt/Color; @ 96 c2
Event: 323.665 Thread 0x000002a5fb989000 Uncommon trap: reason=class_check action=maybe_recompile pc=0x000002a5ecb98bc8 method=sun.swing.plaf.synth.DefaultSynthStyle.getColor(Ljavax/swing/JComponent;Ljavax/swing/plaf/synth/Region;ILjavax/swing/plaf/synth/ColorType;)Ljava/awt/Color; @ 96 c2
Event: 323.665 Thread 0x000002a5fb989000 Uncommon trap: reason=class_check action=maybe_recompile pc=0x000002a5ecb97af0 method=sun.swing.plaf.synth.DefaultSynthStyle.getColor(Ljavax/swing/JComponent;Ljavax/swing/plaf/synth/Region;ILjavax/swing/plaf/synth/ColorType;)Ljava/awt/Color; @ 96 c2
Event: 323.665 Thread 0x000002a5fb989000 Uncommon trap: reason=class_check action=maybe_recompile pc=0x000002a5ec9cba50 method=java.awt.DefaultKeyboardFocusManager.dispatchEvent(Ljava/awt/AWTEvent;)Z @ 1011 c2
Event: 323.732 Thread 0x000002a5fb989000 Uncommon trap: reason=class_check action=maybe_recompile pc=0x000002a5ec168f34 method=java.awt.KeyboardFocusManager.clearMostRecentFocusOwner(Ljava/awt/Component;)V @ 67 c2

Classes redefined (0 events):
No events

Internal exceptions (10 events):
Event: 26.615 Thread 0x000002a5fb989000 Exception <a 'java/lang/NoSuchMethodError'{0x00000007095848c8}: method resolution failed> (0x00000007095848c8) thrown at [t:/workspace/hotspot/src/share/vm/prims/methodHandles.cpp, line 1256]
Event: 26.615 Thread 0x000002a5fb989000 Exception <a 'java/lang/NoSuchMethodError'{0x0000000709593c70}: java.lang.invoke.DirectMethodHandle$Holder.invokeSpecial(Ljava/lang/Object;Ljava/lang/Object;Ljava/lang/Object;Ljava/lang/Object;Ljava/lang/Object;Ljava/lang/Object;Ljava/lang/Object;Ljava/la
Event: 26.617 Thread 0x000002a5fb989000 Exception <a 'java/lang/NoSuchMethodError'{0x000000070941a298}: java.lang.invoke.DirectMethodHandle$Holder.invokeSpecial(Ljava/lang/Object;Ljava/lang/Object;IILjava/lang/Object;IILjava/lang/Object;Ljava/lang/Object;)Ljava/lang/Object;> (0x000000070941a298
Event: 26.617 Thread 0x000002a5fb989000 Exception <a 'java/lang/NoSuchMethodError'{0x000000070941daf8}: java.lang.invoke.DelegatingMethodHandle$Holder.reinvoke_L(Ljava/lang/Object;IILjava/lang/Object;IILjava/lang/Object;Ljava/lang/Object;)Ljava/lang/Object;> (0x000000070941daf8) thrown at [t:/w
Event: 26.618 Thread 0x000002a5fb989000 Exception <a 'java/lang/NoSuchMethodError'{0x0000000709473b38}: java.lang.invoke.DirectMethodHandle$Holder.invokeSpecial(Ljava/lang/Object;Ljava/lang/Object;Ljava/lang/Object;IILjava/lang/Object;Ljava/lang/Object;)Ljava/lang/Object;> (0x0000000709473b38) 
Event: 26.631 Thread 0x000002a5fb989000 Exception <a 'java/lang/NoSuchMethodError'{0x000000070932ec38}: java.lang.invoke.DirectMethodHandle$Holder.invokeSpecial(Ljava/lang/Object;Ljava/lang/Object;IILjava/lang/Object;Ljava/lang/Object;I)Ljava/lang/Object;> (0x000000070932ec38) thrown at [t:/wor
Event: 26.632 Thread 0x000002a5fb989000 Exception <a 'java/lang/NoSuchMethodError'{0x0000000709332068}: java.lang.invoke.DelegatingMethodHandle$Holder.reinvoke_L(Ljava/lang/Object;IILjava/lang/Object;Ljava/lang/Object;I)Ljava/lang/Object;> (0x0000000709332068) thrown at [t:/workspace/hotspot/sr
Event: 128.406 Thread 0x000002a5ff386000 Implicit null exception at 0x000002a5ec94dc2d to 0x000002a5ec94e3f9
Event: 129.068 Thread 0x000002a5fb989000 Implicit null exception at 0x000002a5ec55f569 to 0x000002a5ec55fce1
Event: 321.592 Thread 0x000002a5fb989000 Implicit null exception at 0x000002a5ec46b618 to 0x000002a5ec46bc0d

Events (10 events):
Event: 323.665 Thread 0x000002a5fb989000 DEOPT UNPACKING pc=0x000002a5e44bdf29 sp=0x000000a636df5b40 mode 2
Event: 323.665 Thread 0x000002a5fb989000 Uncommon trap: trap_request=0xffffffde fr.pc=0x000002a5ecb97af0 relative=0x00000000000006f0
Event: 323.665 Thread 0x000002a5fb989000 DEOPT PACKING pc=0x000002a5ecb97af0 sp=0x000000a636df5b70
Event: 323.665 Thread 0x000002a5fb989000 DEOPT UNPACKING pc=0x000002a5e44bdf29 sp=0x000000a636df5b38 mode 2
Event: 323.665 Thread 0x000002a5fb989000 Uncommon trap: trap_request=0xffffffde fr.pc=0x000002a5ec9cba50 relative=0x0000000000003a10
Event: 323.665 Thread 0x000002a5fb989000 DEOPT PACKING pc=0x000002a5ec9cba50 sp=0x000000a636df60e0
Event: 323.665 Thread 0x000002a5fb989000 DEOPT UNPACKING pc=0x000002a5e44bdf29 sp=0x000000a636df6090 mode 2
Event: 323.732 Thread 0x000002a5fb989000 Uncommon trap: trap_request=0xffffffde fr.pc=0x000002a5ec168f34 relative=0x00000000000007f4
Event: 323.732 Thread 0x000002a5fb989000 DEOPT PACKING pc=0x000002a5ec168f34 sp=0x000000a636dfabc0
Event: 323.732 Thread 0x000002a5fb989000 DEOPT UNPACKING pc=0x000002a5e44bdf29 sp=0x000000a636dfab78 mode 2


Dynamic libraries:
0x00007ff7ed9b0000 - 0x00007ff7ed9e0000 	C:\Xilinx\Vivado\2019.1\bin\unwrapped\win64.o\vivado.exe
0x00007ffbd8c80000 - 0x00007ffbd8e89000 	C:\WINDOWS\SYSTEM32\ntdll.dll
0x00007ffbd8690000 - 0x00007ffbd874d000 	C:\WINDOWS\System32\KERNEL32.DLL
0x00007ffbd6190000 - 0x00007ffbd6509000 	C:\WINDOWS\System32\KERNELBASE.dll
0x00007ffbd6510000 - 0x00007ffbd6621000 	C:\WINDOWS\System32\ucrtbase.dll
0x00007ffbbfbd0000 - 0x00007ffbbfc5e000 	C:\WINDOWS\SYSTEM32\MSVCP140.dll
0x00007ffb93430000 - 0x00007ffb93444000 	C:\Xilinx\Vivado\2019.1\lib\win64.o\libboost_signals.dll
0x00007ffb86090000 - 0x00007ffb860a4000 	C:\Xilinx\Vivado\2019.1\lib\win64.o\librdi_commonmain.dll
0x00007ffbbf9c0000 - 0x00007ffbbf9db000 	C:\WINDOWS\SYSTEM32\VCRUNTIME140.dll
0x00007ffb356b0000 - 0x00007ffb36592000 	C:\Xilinx\Vivado\2019.1\lib\win64.o\librdi_common.dll
0x00007ffbbf9b0000 - 0x00007ffbbf9bc000 	C:\WINDOWS\SYSTEM32\VCRUNTIME140_1.dll
0x00007ffbd7b70000 - 0x00007ffbd7d1c000 	C:\WINDOWS\System32\USER32.dll
0x00007ffb5ebf0000 - 0x00007ffb5ec16000 	C:\Xilinx\Vivado\2019.1\lib\win64.o\libboost_filesystem.dll
0x00007ffbd6160000 - 0x00007ffbd6186000 	C:\WINDOWS\System32\win32u.dll
0x00007ffbc4a60000 - 0x00007ffbc4a6a000 	C:\Xilinx\Vivado\2019.1\lib\win64.o\librdi_commonversion.dll
0x00007ffbd8260000 - 0x00007ffbd830e000 	C:\WINDOWS\System32\ADVAPI32.dll
0x00007ffb4c420000 - 0x00007ffb4c541000 	C:\Xilinx\Vivado\2019.1\lib\win64.o\librdi_commonxillic.dll
0x00007ffbd85d0000 - 0x00007ffbd8673000 	C:\WINDOWS\System32\msvcrt.dll
0x00007ffbd8940000 - 0x00007ffbd89de000 	C:\WINDOWS\System32\sechost.dll
0x00007ffbd6b90000 - 0x00007ffbd6bb9000 	C:\WINDOWS\System32\GDI32.dll
0x0000000067ec0000 - 0x0000000067feb000 	C:\Xilinx\Vivado\2019.1\lib\win64.o\tcl85t.dll
0x00007ffbd84b0000 - 0x00007ffbd85d0000 	C:\WINDOWS\System32\RPCRT4.dll
0x00007ffbd69f0000 - 0x00007ffbd6b02000 	C:\WINDOWS\System32\gdi32full.dll
0x00007ffbd71f0000 - 0x00007ffbd725f000 	C:\WINDOWS\System32\WS2_32.dll
0x00007ffbd6950000 - 0x00007ffbd69ed000 	C:\WINDOWS\System32\msvcp_win.dll
0x00007ffb3e6d0000 - 0x00007ffb3ea3e000 	C:\Xilinx\Vivado\2019.1\lib\win64.o\libCOIN-all.dll
0x00007ffbd7350000 - 0x00007ffbd7b08000 	C:\WINDOWS\System32\SHELL32.dll
0x00007ffb60c20000 - 0x00007ffb60c34000 	C:\Xilinx\Vivado\2019.1\lib\win64.o\libboost_date_time.dll
0x00007ffb4b020000 - 0x00007ffb4b09f000 	C:\Xilinx\Vivado\2019.1\lib\win64.o\libboost_program_options.dll
0x00007ffb49a10000 - 0x00007ffb49b24000 	C:\Xilinx\Vivado\2019.1\lib\win64.o\libboost_regex.dll
0x00007ffbc1c60000 - 0x00007ffbc1c6b000 	C:\Xilinx\Vivado\2019.1\lib\win64.o\libboost_system.dll
0x00007ffb5a670000 - 0x00007ffb5a691000 	C:\Xilinx\Vivado\2019.1\lib\win64.o\libboost_thread.dll
0x00007ffbc0530000 - 0x00007ffbc053f000 	C:\Xilinx\Vivado\2019.1\lib\win64.o\libboost_xilinx.dll
0x00007ffb49920000 - 0x00007ffb499a2000 	C:\Xilinx\Vivado\2019.1\lib\win64.o\libhdlpsolve.dll
0x00007ffb49870000 - 0x00007ffb49915000 	C:\Xilinx\Vivado\2019.1\lib\win64.o\libhdxml.dll
0x00007ffb32e80000 - 0x00007ffb33a2f400 	C:\Xilinx\Vivado\2019.1\lib\win64.o\libisl_iostreams.dll
0x00007ffb56db0000 - 0x00007ffb56dde000 	C:\Xilinx\Vivado\2019.1\lib\win64.o\libisl_sysinfo.dll
0x00007ffb5f2f0000 - 0x00007ffb5f30a000 	C:\Xilinx\Vivado\2019.1\lib\win64.o\pthreadVC2.dll
0x00007ffb49800000 - 0x00007ffb49865000 	C:\Xilinx\Vivado\2019.1\lib\win64.o\liblmx6.0.dll
0x00007ffb4fc70000 - 0x00007ffb4fc8c000 	C:\Xilinx\Vivado\2019.1\lib\win64.o\librdiconfig.dll
0x00007ffb4f9a0000 - 0x00007ffb4f9c1000 	C:\Xilinx\Vivado\2019.1\lib\win64.o\librdizlib.dll
0x0000000012000000 - 0x0000000012270000 	C:\Xilinx\Vivado\2019.1\lib\win64.o\xerces-c_3_1.dll
0x00007ffb3e260000 - 0x00007ffb3e538000 	C:\Xilinx\Vivado\2019.1\lib\win64.o\libXil_lmgr11.dll
0x00007ffbd8750000 - 0x00007ffbd883c000 	C:\WINDOWS\System32\COMDLG32.dll
0x00007ffbd7dd0000 - 0x00007ffbd8149000 	C:\WINDOWS\System32\combase.dll
0x00007ffbd8850000 - 0x00007ffbd893a000 	C:\WINDOWS\System32\shcore.dll
0x00007ffbd7b10000 - 0x00007ffbd7b6d000 	C:\WINDOWS\System32\SHLWAPI.dll
0x00007ffbd5060000 - 0x00007ffbd507a000 	C:\WINDOWS\SYSTEM32\NETAPI32.dll
0x00007ffbb81f0000 - 0x00007ffbb86ea000 	C:\WINDOWS\SYSTEM32\WININET.dll
0x00007ffbccd70000 - 0x00007ffbcce7c000 	C:\WINDOWS\SYSTEM32\WINHTTP.dll
0x00007ffbd7260000 - 0x00007ffbd7336000 	C:\WINDOWS\System32\OLEAUT32.dll
0x00007ffbcbc60000 - 0x00007ffbcbe4f000 	C:\WINDOWS\SYSTEM32\urlmon.dll
0x00007ffbd8310000 - 0x00007ffbd84aa000 	C:\WINDOWS\System32\ole32.dll
0x00007ffbd6630000 - 0x00007ffbd6697000 	C:\WINDOWS\System32\WINTRUST.dll
0x00007ffb56de0000 - 0x00007ffb56de9000 	C:\WINDOWS\SYSTEM32\WSOCK32.dll
0x00007ffbd6760000 - 0x00007ffbd68c2000 	C:\WINDOWS\System32\CRYPT32.dll
0x00007ffb2fb90000 - 0x00007ffb30a21000 	C:\Xilinx\Vivado\2019.1\lib\win64.o\gurobi65.dll
0x00007ffb497c0000 - 0x00007ffb497f1000 	C:\WINDOWS\SYSTEM32\VCOMP140.DLL
0x00007ffbba590000 - 0x00007ffbba59d000 	C:\Xilinx\Vivado\2019.1\lib\win64.o\libboost_chrono.dll
0x00007ffb4bb80000 - 0x00007ffb4bb9b000 	C:\Xilinx\Vivado\2019.1\lib\win64.o\libboost_iostreams.dll
0x00007ffb4b110000 - 0x00007ffb4b135000 	C:\Xilinx\Vivado\2019.1\lib\win64.o\libisl_iosutils.dll
0x00007ffbb5e40000 - 0x00007ffbb5ef2000 	C:\WINDOWS\WinSxS\amd64_microsoft.windows.common-controls_6595b64144ccf1df_5.82.22000.1_none_271a8fad6a2d1b1e\COMCTL32.dll
0x00007ffbcb780000 - 0x00007ffbcba33000 	C:\WINDOWS\SYSTEM32\iertutil.dll
0x00007ffbd5010000 - 0x00007ffbd501c000 	C:\WINDOWS\SYSTEM32\netutils.dll
0x00007ffbcaf30000 - 0x00007ffbcaf58000 	C:\WINDOWS\SYSTEM32\srvcli.dll
0x00007ffbca680000 - 0x00007ffbca69e000 	C:\WINDOWS\SYSTEM32\dhcpcsvc.DLL
0x00007ffbd8b80000 - 0x00007ffbd8bb1000 	C:\WINDOWS\System32\IMM32.DLL
0x00007ffbd5a20000 - 0x00007ffbd5a32000 	C:\WINDOWS\SYSTEM32\MSASN1.dll
0x00007ffbd5350000 - 0x00007ffbd5368000 	C:\WINDOWS\SYSTEM32\kernel.appcore.dll
0x00007ffb36c00000 - 0x00007ffb37117000 	C:\Xilinx\Vivado\2019.1\lib\win64.o\librdi_commontasks.dll
0x00007ffbd5020000 - 0x00007ffbd502a000 	C:\WINDOWS\SYSTEM32\VERSION.dll
0x0000000067490000 - 0x0000000067eb5000 	C:\Xilinx\Vivado\2019.1\tps\win64\jre9.0.4\bin\server\jvm.dll
0x00007ffb3a5e0000 - 0x00007ffb3a866000 	C:\Xilinx\Vivado\2019.1\lib\win64.o\librdi_sio.dll
0x00007ffbd7340000 - 0x00007ffbd7348000 	C:\WINDOWS\System32\PSAPI.DLL
0x00007ffbcac00000 - 0x00007ffbcac33000 	C:\WINDOWS\SYSTEM32\WINMM.dll
0x00007ffbd4c00000 - 0x00007ffbd4c2d000 	C:\WINDOWS\SYSTEM32\IPHLPAPI.DLL
0x00007ffb44500000 - 0x00007ffb445ef000 	C:\WINDOWS\SYSTEM32\MSVCR120.dll
0x00007ffbd5780000 - 0x00007ffbd57e7000 	C:\WINDOWS\SYSTEM32\MSWSOCK.DLL
0x00007ffbd40e0000 - 0x00007ffbd4947000 	C:\WINDOWS\SYSTEM32\windows.storage.dll
0x00007ffbd3f70000 - 0x00007ffbd40d6000 	C:\WINDOWS\SYSTEM32\wintypes.dll
0x00007ffb2d6d0000 - 0x00007ffb2fb8c000 	C:\Xilinx\Vivado\2019.1\lib\win64.o\librdi_tcltasks.dll
0x00007ffb48420000 - 0x00007ffb48498000 	C:\Xilinx\Vivado\2019.1\lib\win64.o\librdi_boarddep.dll
0x00007ffb44410000 - 0x00007ffb444fb000 	C:\Xilinx\Vivado\2019.1\lib\win64.o\librdi_chipscope.dll
0x00007ffb34d30000 - 0x00007ffb35138000 	C:\Xilinx\Vivado\2019.1\lib\win64.o\librdi_bitstream.dll
0x00007ffb3dcf0000 - 0x00007ffb3dead000 	C:\Xilinx\Vivado\2019.1\lib\win64.o\librdi_chipscopeimpl.dll
0x00007ffb3e0c0000 - 0x00007ffb3e251000 	C:\Xilinx\Vivado\2019.1\lib\win64.o\librdi_board.dll
0x00007ffb2bce0000 - 0x00007ffb2d6ca000 	C:\Xilinx\Vivado\2019.1\lib\win64.o\librdi_constraints.dll
0x00007ffb429b0000 - 0x00007ffb42b06000 	C:\Xilinx\Vivado\2019.1\lib\win64.o\librdi_containers.dll
0x00007ffb28440000 - 0x00007ffb2a2f1000 	C:\Xilinx\Vivado\2019.1\lib\win64.o\librdi_coregen.dll
0x00007ffb243f0000 - 0x00007ffb28433000 	C:\Xilinx\Vivado\2019.1\lib\win64.o\librdi_designutils.dll
0x00007ffb30dc0000 - 0x00007ffb3149a000 	C:\Xilinx\Vivado\2019.1\lib\win64.o\librdi_coregenipxact.dll
0x00007ffadc9d0000 - 0x00007ffaeedfc000 	C:\Xilinx\Vivado\2019.1\lib\win64.o\librdi_device.dll
0x00007ffb37b20000 - 0x00007ffb37e3e000 	C:\Xilinx\Vivado\2019.1\lib\win64.o\librdi_dlyest.dll
0x00007ffb2b740000 - 0x00007ffb2bcda000 	C:\Xilinx\Vivado\2019.1\lib\win64.o\librdi_drc.dll
0x00007ffb42df0000 - 0x00007ffb42eb4000 	C:\Xilinx\Vivado\2019.1\lib\win64.o\librdi_dsp.dll
0x00007ffb23da0000 - 0x00007ffb243ed000 	C:\Xilinx\Vivado\2019.1\lib\win64.o\librdi_filemgmt.dll
0x00007ffb36910000 - 0x00007ffb36bf3000 	C:\Xilinx\Vivado\2019.1\lib\win64.o\librdi_guitools.dll
0x00007ffb443a0000 - 0x00007ffb44405000 	C:\Xilinx\Vivado\2019.1\lib\win64.o\librdi_hdf.dll
0x00007ffadb410000 - 0x00007ffadc9d0000 	C:\Xilinx\Vivado\2019.1\lib\win64.o\librdi_implflow.dll
0x00007ffadadf0000 - 0x00007ffadb405000 	C:\Xilinx\Vivado\2019.1\lib\win64.o\librdi_memdata.dll
0x00007ffad8100000 - 0x00007ffadade6000 	C:\Xilinx\Vivado\2019.1\lib\win64.o\librdi_mig.dll
0x00007ffb42890000 - 0x00007ffb42903000 	C:\Xilinx\Vivado\2019.1\lib\win64.o\librdi_memoryarray.dll
0x00007ffb49770000 - 0x00007ffb497bb000 	C:\Xilinx\Vivado\2019.1\lib\win64.o\librdi_pfi.dll
0x00007ffb34a20000 - 0x00007ffb34d2f000 	C:\Xilinx\Vivado\2019.1\lib\win64.o\librdi_platform.dll
0x00007ffad53d0000 - 0x00007ffad7a46000 	C:\Xilinx\Vivado\2019.1\lib\win64.o\librdi_place.dll
0x00007ffad4c80000 - 0x00007ffad53ca000 	C:\Xilinx\Vivado\2019.1\lib\win64.o\librdi_power.dll
0x00007ffad4700000 - 0x00007ffad4c7f000 	C:\Xilinx\Vivado\2019.1\lib\win64.o\librdi_project.dll
0x00007ffad7a50000 - 0x00007ffad80f2000 	C:\Xilinx\Vivado\2019.1\lib\win64.o\librdi_netlist.dll
0x00007ffad3ff0000 - 0x00007ffad46f9000 	C:\Xilinx\Vivado\2019.1\lib\win64.o\librdi_psta.dll
0x00007ffad38e0000 - 0x00007ffad3fe6000 	C:\Xilinx\Vivado\2019.1\lib\win64.o\librdi_rsb.dll
0x00007ffb32a80000 - 0x00007ffb32e71000 	C:\Xilinx\Vivado\2019.1\lib\win64.o\librdi_runs.dll
0x00007ffb3f810000 - 0x00007ffb3f90a000 	C:\Xilinx\Vivado\2019.1\lib\win64.o\librdi_runsbase.dll
0x00007ffb35450000 - 0x00007ffb356a6000 	C:\Xilinx\Vivado\2019.1\lib\win64.o\librdi_simdata.dll
0x00007ffad2ac0000 - 0x00007ffad38d1000 	C:\Xilinx\Vivado\2019.1\lib\win64.o\librdi_timing.dll
0x00007ffb2b5c0000 - 0x00007ffb2b732000 	C:\Xilinx\Vivado\2019.1\lib\win64.o\librdi_advchipscopeimpl.dll
0x00007ffb44290000 - 0x00007ffb442dc000 	C:\Xilinx\Vivado\2019.1\lib\win64.o\libboost_serialization.dll
0x00007ffb2b420000 - 0x00007ffb2b5bf000 	C:\Xilinx\Vivado\2019.1\lib\win64.o\librdi_hip_devdesign.dll
0x00007ffb3e600000 - 0x00007ffb3e6c2000 	C:\Xilinx\Vivado\2019.1\lib\win64.o\librdi_ipconfig_readwrite.dll
0x00007ffb42840000 - 0x00007ffb42883000 	C:\Xilinx\Vivado\2019.1\lib\win64.o\librdi_noc_frameworks.dll
0x00007ffad1f70000 - 0x00007ffad2ab7000 	C:\Xilinx\Vivado\2019.1\lib\win64.o\libverific.dll
0x00007ffad1580000 - 0x00007ffad1965000 	C:\Xilinx\Vivado\2019.1\lib\win64.o\librdi_hip_config.dll
0x00007ffad1030000 - 0x00007ffad157e000 	C:\Xilinx\Vivado\2019.1\lib\win64.o\librdi_xdm.dll
0x00007ffb3f360000 - 0x00007ffb3f3fe000 	C:\Xilinx\Vivado\2019.1\lib\win64.o\libise.dll
0x00007ffad1970000 - 0x00007ffad1f6c000 	C:\Xilinx\Vivado\2019.1\lib\win64.o\librdi_wavedata.dll
0x00007ffb42150000 - 0x00007ffb42190000 	C:\Xilinx\Vivado\2019.1\lib\win64.o\librdi_wavedata_SimpleApi.dll
0x00007ffacfea0000 - 0x00007ffad102d000 	C:\Xilinx\Vivado\2019.1\lib\win64.o\librdi_route.dll
0x00007ffb42110000 - 0x00007ffb4214f000 	C:\Xilinx\Vivado\2019.1\lib\win64.o\librdi_schedmon.dll
0x00007ffacded0000 - 0x00007ffacfe9d000 	C:\Xilinx\Vivado\2019.1\lib\win64.o\librdi_synth.dll

VM Arguments:
jvm_args: -Dsun.java2d.pmoffscreen=false -Dsun.java2d.xrender=false -Dsun.java2d.d3d=false -Dsun.awt.nopixfmt=true -Dsun.java2d.dpiaware=true -Dsun.java2d.uiScale.enabled=false -Xverify:none -Dswing.aatext=true -XX:-UsePerfData -Djdk.map.althashing.threshold=512 -XX:StringTableSize=4072 --add-opens=java.base/java.nio=ALL-UNNAMED --add-opens=java.desktop/sun.swing=ALL-UNNAMED --add-opens=java.desktop/javax.swing=ALL-UNNAMED --add-opens=java.desktop/javax.swing.tree=ALL-UNNAMED --add-opens=java.desktop/javax.swing.plaf.basic=ALL-UNNAMED --add-opens=java.desktop/javax.swing.plaf.synth=ALL-UNNAMED --add-opens=java.desktop/com.sun.awt=ALL-UNNAMED -XX:NewSize=60m -XX:MaxNewSize=60m -Xms128m -Xmx3072m -Xss5m 
java_command: <unknown>
java_class_path (initial): C:/Xilinx/Vivado/2019.1\lib\classes\alloy.jar;C:/Xilinx/Vivado/2019.1\lib\classes\autopilot.scelaborator.jar;C:/Xilinx/Vivado/2019.1\lib\classes\autopilot.sourceprocessor.jar;C:/Xilinx/Vivado/2019.1\lib\classes\autopilot.tbprocessor.jar;C:/Xilinx/Vivado/2019.1\lib\classes\batik-anim.jar;C:/Xilinx/Vivado/2019.1\lib\classes\batik-awt-util.jar;C:/Xilinx/Vivado/2019.1\lib\classes\batik-bridge.jar;C:/Xilinx/Vivado/2019.1\lib\classes\batik-codec.jar;C:/Xilinx/Vivado/2019.1\lib\classes\batik-css.jar;C:/Xilinx/Vivado/2019.1\lib\classes\batik-dom.jar;C:/Xilinx/Vivado/2019.1\lib\classes\batik-ext.jar;C:/Xilinx/Vivado/2019.1\lib\classes\batik-gui-util.jar;C:/Xilinx/Vivado/2019.1\lib\classes\batik-gvt.jar;C:/Xilinx/Vivado/2019.1\lib\classes\batik-parser.jar;C:/Xilinx/Vivado/2019.1\lib\classes\batik-script.jar;C:/Xilinx/Vivado/2019.1\lib\classes\batik-svg-dom.jar;C:/Xilinx/Vivado/2019.1\lib\classes\batik-swing.jar;C:/Xilinx/Vivado/2019.1\lib\classes\batik-transcoder.jar;C:/Xilinx/Vivado/2019.1\lib\classes\batik-util.jar;C:/Xilinx/Vivado/2019.1\lib\classes\batik-xml.jar;C:/Xilinx/Vivado/2019.1\lib\classes\com.google.gson_2.7.0.v20170129-0911.jar;C:/Xilinx/Vivado/2019.1\lib\classes\com.google.guava_21.0.0.v20170206-1425.jar;C:/Xilinx/Vivado/2019.1\lib\classes\com.google.inject_3.0.0.v201605172100.jar;C:/Xilinx/Vivado/2019.1\lib\classes\com.ibm.icu_4.4.2.v20110208.jar;C:/Xilinx/Vivado/2019.1\lib\classes\com.sigasi.hdt.annotations.runtime_4.3.0.201903071210.jar;C:/Xilinx/Vivado/2019.1\lib\classes\com.sigasi.hdt.blockdiagram.model_4.3.0.201903071210.jar;C:/Xilinx/Vivado/2019.1\lib\classes\com.sigasi.hdt.connection_4.3.0.201903071210.jar;C:/Xilinx/Vivado/2019.1\lib\classes\com.sigasi.hdt.dependencies.model_4.3.0.201903071210.jar;C:/Xilinx/Vivado/2019.1\lib\classes\com.sigasi.hdt.epl_4.3.0.201903071210.jar;C:/Xilinx/Vivado/2019.1\lib\classes\com.sigasi.hdt.graphics.model_4.3.0.201903071210.jar;C:/Xilinx/Vivado/2019.1\lib\classes\com.sigasi.hdt.project_4.3.0
Launcher Type: generic

Logging:
Log output configuration:
#0: stdout all=warning uptime,level,tags
#1: stderr all=off uptime,level,tags

Environment Variables:
PATH=C:/Xilinx/Vivado/2019.1/bin;C:/Xilinx/Vivado/2019.1/lib/win64.o;C:/Xilinx/Vivado/2019.1/tps/win64/jre9.0.4/bin/server;C:/Xilinx/Vivado/2019.1/tps/win64/jre9.0.4/bin;C:/Xilinx/Vivado/2019.1/ids_lite/ISE/bin/nt64;C:/Xilinx/Vivado/2019.1/ids_lite/ISE/lib/nt64;C:\Program Files (x86)\Common Files\Oracle\Java\javapath;C:\Windows\system32;C:\Windows;C:\Windows\System32\Wbem;C:\Windows\System32\WindowsPowerShell\v1.0\;C:\Windows\System32\OpenSSH\;C:\Program Files (x86)\NVIDIA Corporation\PhysX\Common;C:\Program Files\NVIDIA Corporation\NVIDIA NvDLISR;C:\Program Files (x86)\dotnet\;C:\Program Files\dotnet\;C:\Program Files\Git\cmd;C:\Users\Gollo\AppData\Local\Microsoft\WindowsApps;C:\Users\Gollo\AppData\Local\gitkraken\bin;C:/Xilinx/Vivado/2019.1\tps\mingw\6.2.0\win64.o\nt\bin;C:/Xilinx/Vivado/2019.1\tps\mingw\6.2.0\win64.o\nt\libexec\gcc\x86_64-w64-mingw32\6.2.0;C:/Xilinx/Vivado/2019.1\tps\win64\python-2.7.5;C:/Xilinx/Vivado/2019.1\tps\win64\python-2.7.5\lib;C:/Xilinx/Vivado/2019.1\tps\win64\python-2.7.5\Lib\lib-tk;C:/Xilinx/Vivado/2019.1\tps\win64\python-2.7.5\lib\site-packages
USERNAME=Gollo
OS=Windows_NT
PROCESSOR_IDENTIFIER=Intel64 Family 6 Model 165 Stepping 2, GenuineIntel



---------------  S Y S T E M  ---------------

OS: Windows 10 , 64 bit Build 22000 (10.0.22000.708)

CPU:total 8 (initial active 8) (4 cores per cpu, 2 threads per core) family 6 model 165 stepping 2, cmov, cx8, fxsr, mmx, sse, sse2, sse3, ssse3, sse4.1, sse4.2, popcnt, avx, avx2, aes, clmul, erms, 3dnowpref, lzcnt, ht, tsc, tscinvbit, bmi1, bmi2, adx, fma

Memory: 4k page, physical 8177348k(1342724k free), swap 23384816k(5144508k free)

vm_info: Java HotSpot(TM) 64-Bit Server VM (9.0.4+11) for windows-amd64 JRE (9.0.4+11), built on Dec 20 2017 02:18:54 by "mach5one" with MS VC++ 12.0 (VS2013)

END.
