#-----------------------------------------------------------
# Webtalk v2019.1 (64-bit)
# SW Build 2552052 on Fri May 24 14:49:42 MDT 2019
# IP Build 2548770 on Fri May 24 18:01:18 MDT 2019
<<<<<<< Updated upstream
# Start of session at: Thu Aug 11 02:32:59 2022
# Process ID: 21748
# Current directory: D:/VIVADO/Grupo3/lab1-g03/lab1.1/lab1.1.sim/sim_1/behav/xsim
# Command line: wbtcv.exe -mode batch -source D:/VIVADO/Grupo3/lab1-g03/lab1.1/lab1.1.sim/sim_1/behav/xsim/xsim.dir/tb_module_rca_8bits_behav/webtalk/xsim_webtalk.tcl -notrace
# Log file: D:/VIVADO/Grupo3/lab1-g03/lab1.1/lab1.1.sim/sim_1/behav/xsim/webtalk.log
# Journal file: D:/VIVADO/Grupo3/lab1-g03/lab1.1/lab1.1.sim/sim_1/behav/xsim\webtalk.jou
#-----------------------------------------------------------
source D:/VIVADO/Grupo3/lab1-g03/lab1.1/lab1.1.sim/sim_1/behav/xsim/xsim.dir/tb_module_rca_8bits_behav/webtalk/xsim_webtalk.tcl -notrace
INFO: [Common 17-186] 'D:/VIVADO/Grupo3/lab1-g03/lab1.1/lab1.1.sim/sim_1/behav/xsim/xsim.dir/tb_module_rca_8bits_behav/webtalk/usage_statistics_ext_xsim.xml' has been successfully sent to Xilinx on Thu Aug 11 02:33:02 2022. For additional details about this file, please refer to the WebTalk help file at C:/Xilinx/Vivado/2019.1/doc/webtalk_introduction.html.
INFO: [Common 17-206] Exiting Webtalk at Thu Aug 11 02:33:02 2022...
=======
# Start of session at: Thu Aug 11 08:29:58 2022
# Process ID: 14756
# Current directory: D:/Documentos/GitHub/lab1-g03/lab1.1/lab1.1.sim/sim_1/behav/xsim
# Command line: wbtcv.exe -mode batch -source D:/Documentos/GitHub/lab1-g03/lab1.1/lab1.1.sim/sim_1/behav/xsim/xsim.dir/tb_module_alu_sumador_behav/webtalk/xsim_webtalk.tcl -notrace
# Log file: D:/Documentos/GitHub/lab1-g03/lab1.1/lab1.1.sim/sim_1/behav/xsim/webtalk.log
# Journal file: D:/Documentos/GitHub/lab1-g03/lab1.1/lab1.1.sim/sim_1/behav/xsim\webtalk.jou
#-----------------------------------------------------------
source D:/Documentos/GitHub/lab1-g03/lab1.1/lab1.1.sim/sim_1/behav/xsim/xsim.dir/tb_module_alu_sumador_behav/webtalk/xsim_webtalk.tcl -notrace
INFO: [Common 17-186] 'D:/Documentos/GitHub/lab1-g03/lab1.1/lab1.1.sim/sim_1/behav/xsim/xsim.dir/tb_module_alu_sumador_behav/webtalk/usage_statistics_ext_xsim.xml' has been successfully sent to Xilinx on Thu Aug 11 08:30:02 2022. For additional details about this file, please refer to the WebTalk help file at D:/Xilinx/Vivado/2019.1/doc/webtalk_introduction.html.
INFO: [Common 17-206] Exiting Webtalk at Thu Aug 11 08:30:02 2022...
>>>>>>> Stashed changes
